<?xml version="1.0" encoding="UTF-8"?>
<testsuite xmlns:xsi="http://www.w3.org/2001/XMLSchema-instance" xsi:noNamespaceSchemaLocation="https://maven.apache.org/surefire/maven-surefire-plugin/xsd/surefire-test-report-3.0.xsd" version="3.0" name="TestSuite" time="18.232" tests="3" errors="0" skipped="0" failures="0">
  <properties>
[...]
</properties>
  <testcase name="mutual_funds" classname="work.assignment.Market_mutual_funds" time="11.666">
    <system-out><![CDATA[Request method:	GET
Request URI:	https://yahoo-finance15.p.rapidapi.com/api/yahoo/mu/topmutualfunds?start=0
Proxy:			<none>
Request params:	<none>
Query params:	start=0
Form params:	<none>
Path params:	<none>
Headers:		X-RapidAPI-Host=yahoo-finance15.p.rapidapi.com
				X-RapidAPI-Key= 4d8dcb3a9fmsh7ecca9be9e75e6dp130491jsnf44539c76ee5
				useQueryString=true
				Accept=*/*
Cookies:		<none>
Multiparts:		<none>
Body:			<none>
HTTP/1.1 200 OK
Alt-Svc: quic=":443"; ma=2592000; v="43,46", h3-Q043=":443"; ma=2592000, h3-Q046=":443"; ma=2592000, h3-Q050=":443"; ma=2592000, h3-25=":443"; ma=2592000, h3-27=":443"; ma=2592000
Content-Encoding: gzip
Content-Type: application/json; charset=utf-8
Date: Thu, 27 Aug 2020 09:55:28 GMT
Server: RapidAPI-1.1.24
Vary: Accept-Encoding
X-Powered-By: PHP/7.2.33
X-RapidAPI-Region: AWS - ap-southeast-1
X-RapidAPI-Version: 1.1.24
X-RateLimit-Request-Limit: 500
X-RateLimit-Request-Remaining: 412
Content-Length: 12309
Connection: keep-alive

{
    "start": 0,
    "count": 25,
    "total": 1461,
    "quotes": [
        {
            "language": "en-US",
            "region": "US",
            "quoteType": "MUTUALFUND",
            "quoteSourceName": "Delayed Quote",
            "triggerable": false,
            "currency": "USD",
            "priceHint": 2,
            "sourceInterval": 15,
            "exchangeDataDelayedBy": 0,
            "exchangeTimezoneName": "America/New_York",
            "exchangeTimezoneShortName": "EDT",
            "gmtOffSetMilliseconds": -14400000,
            "esgPopulated": false,
            "tradeable": false,
            "firstTradeDateMilliseconds": 1412170200000,
            "regularMarketChange": 2.100000000000000088817841970012523233890533447265625,
            "regularMarketTime": 1598486431,
            "regularMarketPrice": 34.24000000000000198951966012828052043914794921875,
            "regularMarketPreviousClose": 32.14000300000000009958966984413564205169677734375,
            "exchange": "NAS",
            "market": "us_market",
            "messageBoardId": "finmb_308645720",
            "fullExchangeName": "Nasdaq",
            "shortName": "Leland Thomson Reuters Venture ",
            "longName": "Leland Thomson Reuters Venture Capital Index Fund Class A",
            "averageDailyVolume3Month": 0,
            "averageDailyVolume10Day": 0,
            "fiftyTwoWeekLowChange": 18.41000199999999864530764170922338962554931640625,
            "fiftyTwoWeekLowChangePercent": 1.162981700000000007122480383259244263172149658203125,
            "fiftyTwoWeekRange": "15.83 - 34.24",
            "fiftyTwoWeekHighChange": 0,
            "fiftyTwoWeekHighChangePercent": 0,
            "fiftyTwoWeekLow": 15.8300000000000000710542735760100185871124267578125,
            "fiftyTwoWeekHigh": 34.24000000000000198951966012828052043914794921875,
            "ytdReturn": 24.989999999999998436805981327779591083526611328125,
            "trailingThreeMonthReturns": 42.75999999999999801048033987171947956085205078125,
            "marketState": "PRE",
            "fiftyDayAverage": 29.433890000000001663238435867242515087127685546875,
            "fiftyDayAverageChange": 4.80611229999999967077428664197213947772979736328125,
            "fiftyDayAverageChangePercent": 0.1632849899999999909727677049886551685631275177001953125,
            "twoHundredDayAverage": 24.114605000000000956106305238790810108184814453125,
            "twoHundredDayAverageChange": 10.12539699999999953661244944669306278228759765625,
            "twoHundredDayAverageChangePercent": 0.419886499999999995846877709482214413583278656005859375,
            "regularMarketChangePercent": 6.5339130000000000819682099972851574420928955078125,
            "symbol": "LDVAX"
        },
        {
            "language": "en-US",
            "region": "US",
            "quoteType": "MUTUALFUND",
            "quoteSourceName": "Delayed Quote",
            "triggerable": false,
            "currency": "USD",
            "priceHint": 2,
            "marketCap": 362058208,
            "sourceInterval": 15,
            "exchangeDataDelayedBy": 0,
            "exchangeTimezoneName": "America/New_York",
            "exchangeTimezoneShortName": "EDT",
            "gmtOffSetMilliseconds": -14400000,
            "esgPopulated": false,
            "tradeable": false,
            "firstTradeDateMilliseconds": 961421400000,
            "regularMarketChange": 6.730000000000000426325641456060111522674560546875,
            "regularMarketTime": 1598486426,
            "regularMarketPrice": 112.7699999999999960209606797434389591217041015625,
            "regularMarketPreviousClose": 106.0399900000000030786395655013620853424072265625,
            "exchange": "NAS",
            "market": "us_market",
            "messageBoardId": "finmb_28120932",
            "fullExchangeName": "Nasdaq",
            "shortName": "Internet UltraSector ProFund, S",
            "longName": "ProFunds Internet UltraSector Fund Service Class",
            "averageDailyVolume3Month": 0,
            "averageDailyVolume10Day": 0,
            "fiftyTwoWeekLowChange": 66.06000000000000227373675443232059478759765625,
            "fiftyTwoWeekLowChangePercent": 1.414258100000000073492856245138682425022125244140625,
            "fiftyTwoWeekRange": "46.71 - 112.77",
            "fiftyTwoWeekHighChange": 0,
            "fiftyTwoWeekHighChangePercent": 0,
            "fiftyTwoWeekLow": 46.71000000000000085265128291212022304534912109375,
            "fiftyTwoWeekHigh": 112.7699999999999960209606797434389591217041015625,
            "ytdReturn": 29.739999999999998436805981327779591083526611328125,
            "trailingThreeMonthReturns": 59.530000000000001136868377216160297393798828125,
            "marketState": "PRE",
            "sharesOutstanding": 3210590,
            "fiftyDayAverage": 100.662499999999994315658113919198513031005859375,
            "fiftyDayAverageChange": 12.10749799999999964938979246653616428375244140625,
            "fiftyDayAverageChangePercent": 0.1202781400000000056049742624963982962071895599365234375,
            "twoHundredDayAverage": 80.9105100000000021509549696929752826690673828125,
            "twoHundredDayAverageChange": 31.85949000000000097543306765146553516387939453125,
            "twoHundredDayAverageChangePercent": 0.39376208000000001430151996828499250113964080810546875,
            "regularMarketChangePercent": 6.3466620000000002477236193954013288021087646484375,
            "symbol": "INPSX"
        },
        {
            "language": "en-US",
            "region": "US",
            "quoteType": "MUTUALFUND",
            "quoteSourceName": "Delayed Quote",
            "triggerable": false,
            "currency": "USD",
            "priceHint": 2,
            "marketCap": 472759392,
            "sourceInterval": 15,
            "exchangeDataDelayedBy": 0,
            "exchangeTimezoneName": "America/New_York",
            "exchangeTimezoneShortName": "EDT",
            "gmtOffSetMilliseconds": -14400000,
            "esgPopulated": false,
            "tradeable": false,
            "firstTradeDateMilliseconds": 961421400000,
            "regularMarketChange": 8.7799999999999993605115378159098327159881591796875,
            "regularMarketTime": 1598486475,
            "regularMarketPrice": 147.25,
            "regularMarketPreviousClose": 138.469999999999998863131622783839702606201171875,
            "exchange": "NAS",
            "market": "us_market",
            "messageBoardId": "finmb_28120932",
            "fullExchangeName": "Nasdaq",
            "shortName": "Internet UltraSector ProFund, I",
            "longName": "ProFunds Internet UltraSector Fund Investor Class",
            "averageDailyVolume3Month": 0,
            "averageDailyVolume10Day": 0,
            "fiftyTwoWeekLowChange": 86.5099950000000035288394428789615631103515625,
            "fiftyTwoWeekLowChangePercent": 1.424267299999999902837544141220860183238983154296875,
            "fiftyTwoWeekRange": "60.74 - 147.25",
            "fiftyTwoWeekHighChange": 0,
            "fiftyTwoWeekHighChangePercent": 0,
            "fiftyTwoWeekLow": 60.74000000000000198951966012828052043914794921875,
            "fiftyTwoWeekHigh": 147.25,
            "ytdReturn": 30.379999999999999005240169935859739780426025390625,
            "trailingThreeMonthReturns": 59.9500000000000028421709430404007434844970703125,
            "marketState": "PRE",
            "sharesOutstanding": 3210590,
            "fiftyDayAverage": 131.359160000000002810338628478348255157470703125,
            "fiftyDayAverageChange": 15.890838999999999714418663643300533294677734375,
            "fiftyDayAverageChangePercent": 0.12097244000000000052619242296714219264686107635498046875,
            "twoHundredDayAverage": 105.4016600000000067893779487349092960357666015625,
            "twoHundredDayAverageChange": 41.8483429999999998472048901021480560302734375,
            "twoHundredDayAverageChangePercent": 0.39703684999999999671871364625985734164714813232421875,
            "regularMarketChangePercent": 6.34072350000000017899992599268443882465362548828125,
            "symbol": "INPIX"
        },
        {
            "language": "en-US",
            "region": "US",
            "quoteType": "MUTUALFUND",
            "quoteSourceName": "Delayed Quote",
            "triggerable": false,
            "currency": "USD",
            "priceHint": 2,
            "marketCap": 1027866752,
            "sourceInterval": 15,
            "exchangeDataDelayedBy": 0,
            "exchangeTimezoneName": "America/New_York",
            "exchangeTimezoneShortName": "EDT",
            "gmtOffSetMilliseconds": -14400000,
            "esgPopulated": false,
            "tradeable": false,
            "firstTradeDateMilliseconds": 880727400000,
            "regularMarketChange": 6.12000000000000010658141036401502788066864013671875,
            "regularMarketTime": 1598486486,
            "regularMarketPrice": 149.719999999999998863131622783839702606201171875,
            "regularMarketPreviousClose": 143.599999999999994315658113919198513031005859375,
            "exchange": "NAS",
            "market": "us_market",
            "messageBoardId": "finmb_28124237",
            "fullExchangeName": "Nasdaq",
            "shortName": "Ultra NASDAQ-100 ProFunds Inves",
            "longName": "ProFunds UltraNASDAQ-100 Fund Investor Class",
            "averageDailyVolume3Month": 0,
            "averageDailyVolume10Day": 0,
            "fiftyTwoWeekLowChange": 96.1300049999999970395947457291185855865478515625,
            "fiftyTwoWeekLowChangePercent": 1.793804900000000035475977711030282080173492431640625,
            "fiftyTwoWeekRange": "53.59 - 149.72",
            "fiftyTwoWeekHighChange": 0,
            "fiftyTwoWeekHighChangePercent": 0,
            "fiftyTwoWeekLow": 53.590000000000003410605131648480892181396484375,
            "fiftyTwoWeekHigh": 149.719999999999998863131622783839702606201171875,
            "ytdReturn": 20.519999999999999573674358543939888477325439453125,
            "trailingThreeMonthReturns": 64.43999999999999772626324556767940521240234375,
            "marketState": "PRE",
            "sharesOutstanding": 6865260,
            "fiftyDayAverage": 127.053889999999995552570908330380916595458984375,
            "fiftyDayAverageChange": 22.666115000000001344915290246717631816864013671875,
            "fiftyDayAverageChangePercent": 0.17839766000000001344716338280704803764820098876953125,
            "twoHundredDayAverage": 98.2926599999999979218046064488589763641357421875,
            "twoHundredDayAverageChange": 51.42733799999999888541424297727644443511962890625,
            "twoHundredDayAverageChangePercent": 0.5232063000000000130285116028971970081329345703125,
            "regularMarketChangePercent": 4.2618384000000002487240635673515498638153076171875,
            "symbol": "UOPIX"
        },
        {
            "language": "en-US",
            "region": "US",
            "quoteType": "MUTUALFUND",
            "quoteSourceName": "Delayed Quote",
            "triggerable": false,
            "currency": "USD",
            "priceHint": 2,
            "sourceInterval": 15,
            "exchangeDataDelayedBy": 0,
            "exchangeTimezoneName": "America/New_York",
            "exchangeTimezoneShortName": "EDT",
            "gmtOffSetMilliseconds": -14400000,
            "esgPopulated": false,
            "tradeable": false,
            "firstTradeDateMilliseconds": 959175000000,
            "regularMarketChange": 13.1199999999999992184029906638897955417633056640625,
            "regularMarketTime": 1598486483,
            "regularMarketPrice": 321.04000000000002046363078989088535308837890625,
            "regularMarketPreviousClose": 307.92000000000001591615728102624416351318359375,
            "exchange": "NAS",
            "market": "us_market",
            "messageBoardId": "finmb_37799515",
            "fullExchangeName": "Nasdaq",
            "shortName": "Rydex Dynamic Fds, Nasdaq - 100",
            "longName": "Rydex NASDAQ-100 2x Strategy Fund Class H",
            "averageDailyVolume3Month": 0,
            "averageDailyVolume10Day": 0,
            "fiftyTwoWeekLowChange": 206.370010000000007721610018052160739898681640625,
            "fiftyTwoWeekLowChangePercent": 1.799686200000000013687895261682569980621337890625,
            "fiftyTwoWeekRange": "114.67 - 321.04",
            "fiftyTwoWeekHighChange": 0,
            "fiftyTwoWeekHighChangePercent": 0,
            "fiftyTwoWeekLow": 114.6700000000000017053025658242404460906982421875,
            "fiftyTwoWeekHigh": 321.04000000000002046363078989088535308837890625,
            "ytdReturn": 21.1400000000000005684341886080801486968994140625,
            "trailingThreeMonthReturns": 64.6400000000000005684341886080801486968994140625,
            "marketState": "PRE",
            "fiftyDayAverage": 272.44666000000000849468051455914974212646484375,
            "fiftyDayAverageChange": 48.59335300000000046338755055330693721771240234375,
            "fiftyDayAverageChangePercent": 0.1783591499999999940850869961650460027158260345458984375,
            "twoHundredDayAverage": 210.4926600000000007639755494892597198486328125,
            "twoHundredDayAverageChange": 110.54734999999999445208231918513774871826171875,
            "twoHundredDayAverageChangePercent": 0.52518385999999994684372950359829701483249664306640625,
            "regularMarketChangePercent": 4.26084659999999981749851940548978745937347412109375,
            "symbol": "RYVYX"
        },
        {
            "language": "en-US",
            "region": "US",
            "quoteType": "MUTUALFUND",
            "quoteSourceName": "Delayed Quote",
            "triggerable": false,
            "currency": "USD",
            "priceHint": 2,
            "sourceInterval": 15,
            "exchangeDataDelayedBy": 0,
            "exchangeTimezoneName": "America/New_York",
            "exchangeTimezoneShortName": "EDT",
            "gmtOffSetMilliseconds": -14400000,
            "esgPopulated": false,
            "tradeable": false,
            "firstTradeDateMilliseconds": 1093959000000,
            "regularMarketChange": 13.1199999999999992184029906638897955417633056640625,
            "regularMarketTime": 1598486449,
            "regularMarketPrice": 321.16000000000002501110429875552654266357421875,
            "regularMarketPreviousClose": 308.04000000000002046363078989088535308837890625,
            "exchange": "NAS",
            "market": "us_market",
            "messageBoardId": "finmb_37799515",
            "fullExchangeName": "Nasdaq",
            "shortName": "Rydex Dynamic Fds, Nasdaq - 100",
            "longName": "Rydex NASDAQ-100 2x Strategy Fund Class A",
            "averageDailyVolume3Month": 0,
            "averageDailyVolume10Day": 0,
            "fiftyTwoWeekLowChange": 206.43999999999999772626324556767940521240234375,
            "fiftyTwoWeekLowChangePercent": 1.7995118999999999420680296680075116455554962158203125,
            "fiftyTwoWeekRange": "114.72 - 321.16",
            "fiftyTwoWeekHighChange": 0,
            "fiftyTwoWeekHighChangePercent": 0,
            "fiftyTwoWeekLow": 114.719999999999998863131622783839702606201171875,
            "fiftyTwoWeekHigh": 321.16000000000002501110429875552654266357421875,
            "ytdReturn": 21.129999999999999005240169935859739780426025390625,
            "trailingThreeMonthReturns": 64.6400000000000005684341886080801486968994140625,
            "marketState": "PRE",
            "fiftyDayAverage": 272.563319999999976062099449336528778076171875,
            "fiftyDayAverageChange": 48.59667999999999921101334621198475360870361328125,
            "fiftyDayAverageChangePercent": 0.1782950000000000090327745283502736128866672515869140625,
            "twoHundredDayAverage": 210.6343200000000024374458007514476776123046875,
            "twoHundredDayAverageChange": 110.525679999999994151949067600071430206298828125,
            "twoHundredDayAverageChangePercent": 0.5247277599999999875279854677501134574413299560546875,
            "regularMarketChangePercent": 4.25918699999999983418774718302302062511444091796875,
            "symbol": "RYVLX"
        },
        {
            "language": "en-US",
            "region": "US",
            "quoteType": "MUTUALFUND",
            "quoteSourceName": "Delayed Quote",
            "triggerable": false,
            "currency": "USD",
            "priceHint": 2,
            "sourceInterval": 15,
            "exchangeDataDelayedBy": 0,
            "exchangeTimezoneName": "America/New_York",
            "exchangeTimezoneShortName": "EDT",
            "gmtOffSetMilliseconds": -14400000,
            "esgPopulated": false,
            "tradeable": false,
            "firstTradeDateMilliseconds": 974730600000,
            "regularMarketChange": 10.21000000000000085265128291212022304534912109375,
            "regularMarketTime": 1598486483,
            "regularMarketPrice": 250,
            "regularMarketPreviousClose": 239.789999999999992041921359486877918243408203125,
            "exchange": "NAS",
            "market": "us_market",
            "messageBoardId": "finmb_37799515",
            "fullExchangeName": "Nasdaq",
            "shortName": "Rydex Dynamic Fds, Nasdaq-100 2",
            "longName": "Rydex NASDAQ-100 2x Strategy Fund Class C",
            "averageDailyVolume3Month": 0,
            "averageDailyVolume10Day": 0,
            "fiftyTwoWeekLowChange": 160.419999999999987494447850622236728668212890625,
            "fiftyTwoWeekLowChangePercent": 1.7908014000000000987000703389639966189861297607421875,
            "fiftyTwoWeekRange": "89.58 - 250.0",
            "fiftyTwoWeekHighChange": 0,
            "fiftyTwoWeekHighChangePercent": 0,
            "fiftyTwoWeekLow": 89.5799999999999982946974341757595539093017578125,
            "fiftyTwoWeekHigh": 250,
            "ytdReturn": 20.67999999999999971578290569595992565155029296875,
            "trailingThreeMonthReturns": 64.3299999999999982946974341757595539093017578125,
            "marketState": "PRE",
            "fiftyDayAverage": 212.269170000000002573870006017386913299560546875,
            "fiftyDayAverageChange": 37.7308349999999990131982485763728618621826171875,
            "fiftyDayAverageChangePercent": 0.1777499600000000123944943197784596122801303863525390625,
            "twoHundredDayAverage": 164.2584200000000009822542779147624969482421875,
            "twoHundredDayAverageChange": 85.7415799999999990177457220852375030517578125,
            "twoHundredDayAverageChangePercent": 0.5219919699999999718187382313772104680538177490234375,
            "regularMarketChangePercent": 4.2578925999999999163492248044349253177642822265625,
            "symbol": "RYCCX"
        },
        {
            "language": "en-US",
            "region": "US",
            "quoteType": "MUTUALFUND",
            "quoteSourceName": "Delayed Quote",
            "triggerable": false,
            "currency": "USD",
            "priceHint": 2,
            "marketCap": 813327360,
            "sourceInterval": 15,
            "exchangeDataDelayedBy": 0,
            "exchangeTimezoneName": "America/New_York",
            "exchangeTimezoneShortName": "EDT",
            "gmtOffSetMilliseconds": -14400000,
            "esgPopulated": false,
            "tradeable": false,
            "firstTradeDateMilliseconds": 881245800000,
            "regularMarketChange": 4.8300000000000000710542735760100185871124267578125,
            "regularMarketTime": 1598486457,
            "regularMarketPrice": 118.469999999999998863131622783839702606201171875,
            "regularMarketPreviousClose": 113.6400000000000005684341886080801486968994140625,
            "exchange": "NAS",
            "market": "us_market",
            "messageBoardId": "finmb_28124237",
            "fullExchangeName": "Nasdaq",
            "shortName": "Ultra NASDAQ-100 ProFund Servic",
            "longName": "ProFunds UltraNASDAQ-100 Fund Service Class",
            "averageDailyVolume3Month": 0,
            "averageDailyVolume10Day": 0,
            "fiftyTwoWeekLowChange": 75.8800049999999970395947457291185855865478515625,
            "fiftyTwoWeekLowChangePercent": 1.7816389999999999727009480920969508588314056396484375,
            "fiftyTwoWeekRange": "42.59 - 118.47",
            "fiftyTwoWeekHighChange": 0,
            "fiftyTwoWeekHighChangePercent": 0,
            "fiftyTwoWeekLow": 42.590000000000003410605131648480892181396484375,
            "fiftyTwoWeekHigh": 118.469999999999998863131622783839702606201171875,
            "ytdReturn": 19.910000000000000142108547152020037174224853515625,
            "trailingThreeMonthReturns": 64.0199999999999960209606797434389591217041015625,
            "marketState": "PRE",
            "sharesOutstanding": 6865260,
            "fiftyDayAverage": 100.595830000000006521077011711895465850830078125,
            "fiftyDayAverageChange": 17.874168000000000944282874115742743015289306640625,
            "fiftyDayAverageChangePercent": 0.1776830000000000076010309157936717383563518524169921875,
            "twoHundredDayAverage": 77.965900000000004865796654485166072845458984375,
            "twoHundredDayAverageChange": 40.50410500000000268983058049343526363372802734375,
            "twoHundredDayAverageChangePercent": 0.51951049999999998618704921682365238666534423828125,
            "regularMarketChangePercent": 4.2502639999999995978896549786441028118133544921875,
            "symbol": "UOPSX"
        },
        {
            "language": "en-US",
            "region": "US",
            "quoteType": "MUTUALFUND",
            "quoteSourceName": "Delayed Quote",
            "triggerable": false,
            "currency": "USD",
            "priceHint": 2,
            "sourceInterval": 15,
            "exchangeDataDelayedBy": 0,
            "exchangeTimezoneName": "America/New_York",
            "exchangeTimezoneShortName": "EDT",
            "gmtOffSetMilliseconds": -14400000,
            "esgPopulated": false,
            "tradeable": false,
            "firstTradeDateMilliseconds": 938698200000,
            "regularMarketChange": 0.6999999999999999555910790149937383830547332763671875,
            "regularMarketTime": 1598486485,
            "regularMarketPrice": 17.3299999999999982946974341757595539093017578125,
            "regularMarketPreviousClose": 16.629999999999999005240169935859739780426025390625,
            "exchange": "NAS",
            "market": "us_market",
            "messageBoardId": "finmb_28122649",
            "fullExchangeName": "Nasdaq",
            "shortName": "Firsthand Technology Opportunit",
            "longName": "Firsthand Technology Opportunities Fund",
            "averageDailyVolume3Month": 0,
            "averageDailyVolume10Day": 0,
            "fiftyTwoWeekLowChange": 7.309999499999999983401721692644059658050537109375,
            "fiftyTwoWeekLowChangePercent": 0.72954079999999998928927880115224979817867279052734375,
            "fiftyTwoWeekRange": "10.02 - 17.71",
            "fiftyTwoWeekHighChange": -0.37999916000000000249059439738630317151546478271484375,
            "fiftyTwoWeekHighChangePercent": -0.021456757999999999386719906624421128071844577789306640625,
            "fiftyTwoWeekLow": 10.019999999999999573674358543939888477325439453125,
            "fiftyTwoWeekHigh": 17.71000000000000085265128291212022304534912109375,
            "ytdReturn": 18.96000000000000085265128291212022304534912109375,
            "trailingThreeMonthReturns": 35.5499999999999971578290569595992565155029296875,
            "marketState": "PRE",
            "fiftyDayAverage": 16.64833300000000093632479547522962093353271484375,
            "fiftyDayAverageChange": 0.68166729999999997602344592451117932796478271484375,
            "fiftyDayAverageChangePercent": 0.040945083000000000172935443742971983738243579864501953125,
            "twoHundredDayAverage": 13.9422300000000003450395524851046502590179443359375,
            "twoHundredDayAverageChange": 3.387769700000000216988382817362435162067413330078125,
            "twoHundredDayAverageChangePercent": 0.2429862200000000027610980168901733122766017913818359375,
            "regularMarketChangePercent": 4.20926050000000007145217750803567469120025634765625,
            "symbol": "TEFQX"
        },
        {
            "language": "en-US",
            "region": "US",
            "quoteType": "MUTUALFUND",
            "quoteSourceName": "Delayed Quote",
            "triggerable": false,
            "currency": "USD",
            "priceHint": 2,
            "sourceInterval": 15,
            "exchangeDataDelayedBy": 0,
            "exchangeTimezoneName": "America/New_York",
            "exchangeTimezoneShortName": "EDT",
            "gmtOffSetMilliseconds": -14400000,
            "esgPopulated": false,
            "tradeable": false,
            "firstTradeDateMilliseconds": 1191245400000,
            "regularMarketChange": 2.87000000000000010658141036401502788066864013671875,
            "regularMarketTime": 1598486420,
            "regularMarketPrice": 72.7600000000000051159076974727213382720947265625,
            "regularMarketPreviousClose": 69.8900000000000005684341886080801486968994140625,
            "exchange": "NAS",
            "market": "us_market",
            "messageBoardId": "finmb_44787307",
            "fullExchangeName": "Nasdaq",
            "shortName": "Invesco Oppenheimer Global Focu",
            "longName": "Invesco Oppenheimer Global Focus Fund Class R",
            "averageDailyVolume3Month": 0,
            "averageDailyVolume10Day": 0,
            "fiftyTwoWeekLowChange": 33.31000000000000227373675443232059478759765625,
            "fiftyTwoWeekLowChangePercent": 0.8443599999999999994315658113919198513031005859375,
            "fiftyTwoWeekRange": "39.45 - 72.76",
            "fiftyTwoWeekHighChange": 0,
            "fiftyTwoWeekHighChangePercent": 0,
            "fiftyTwoWeekLow": 39.4500000000000028421709430404007434844970703125,
            "fiftyTwoWeekHigh": 72.7600000000000051159076974727213382720947265625,
            "ytdReturn": 22.739999999999998436805981327779591083526611328125,
            "trailingThreeMonthReturns": 37.6700000000000017053025658242404460906982421875,
            "marketState": "PRE",
            "fiftyDayAverage": 67.1555560000000042464307625778019428253173828125,
            "fiftyDayAverageChange": 5.60444639999999960622290018363855779170989990234375,
            "fiftyDayAverageChangePercent": 0.08345470000000000665441035607727826572954654693603515625,
            "twoHundredDayAverage": 56.63683300000000286900103674270212650299072265625,
            "twoHundredDayAverageChange": 16.123169000000000750105755287222564220428466796875,
            "twoHundredDayAverageChangePercent": 0.28467637000000001190613829749054275453090667724609375,
            "regularMarketChangePercent": 4.1064530000000001308535502175800502300262451171875,
            "symbol": "GLVNX"
        },
        {
            "language": "en-US",
            "region": "US",
            "quoteType": "MUTUALFUND",
            "quoteSourceName": "Delayed Quote",
            "triggerable": false,
            "currency": "USD",
            "priceHint": 2,
            "sourceInterval": 15,
            "exchangeDataDelayedBy": 0,
            "exchangeTimezoneName": "America/New_York",
            "exchangeTimezoneShortName": "EDT",
            "gmtOffSetMilliseconds": -14400000,
            "esgPopulated": false,
            "tradeable": false,
            "firstTradeDateMilliseconds": 1146490200000,
            "regularMarketChange": 2.150999999999999801048033987171947956085205078125,
            "regularMarketTime": 1598486413,
            "regularMarketPrice": 56.13470000000000226236807066015899181365966796875,
            "regularMarketPreviousClose": 53.983699999999998908606357872486114501953125,
            "exchange": "NAS",
            "market": "us_market",
            "messageBoardId": "finmb_42750784",
            "fullExchangeName": "Nasdaq",
            "shortName": "Direxion Monthly NASDAQ-100 Bul",
            "longName": "Direxion Monthly NASDAQ-100 Bull 2X Fund Investor Class",
            "averageDailyVolume3Month": 0,
            "averageDailyVolume10Day": 0,
            "fiftyTwoWeekLowChange": 36.90469999999999828332875040359795093536376953125,
            "fiftyTwoWeekLowChangePercent": 1.919121300000000029939428713987581431865692138671875,
            "fiftyTwoWeekRange": "19.23 - 56.13",
            "fiftyTwoWeekHighChange": 0.004699707000000000016448620243636469240300357341766357421875,
            "fiftyTwoWeekHighChangePercent": 8.3728969999999995339583225284485479278373531997203826904296875e-5,
            "fiftyTwoWeekLow": 19.230000000000000426325641456060111522674560546875,
            "fiftyTwoWeekHigh": 56.13000000000000255795384873636066913604736328125,
            "ytdReturn": 29.489999999999998436805981327779591083526611328125,
            "trailingThreeMonthReturns": 64.4500000000000028421709430404007434844970703125,
            "marketState": "PRE",
            "fiftyDayAverage": 47.88055399999999650617610313929617404937744140625,
            "fiftyDayAverageChange": 8.254146999999999678720996598713099956512451171875,
            "fiftyDayAverageChangePercent": 0.1723903699999999872272127277028630487620830535888671875,
            "twoHundredDayAverage": 36.6089199999999976853359839878976345062255859375,
            "twoHundredDayAverageChange": 19.525780000000001024318407871760427951812744140625,
            "twoHundredDayAverageChangePercent": 0.533361259999999948178128761355765163898468017578125,
            "regularMarketChangePercent": 3.98453619999999997247641658759675920009613037109375,
            "symbol": "DXQLX"
        },
        {
            "language": "en-US",
            "region": "US",
            "quoteType": "MUTUALFUND",
            "quoteSourceName": "Delayed Quote",
            "triggerable": false,
            "currency": "USD",
            "priceHint": 2,
            "sourceInterval": 15,
            "exchangeDataDelayedBy": 0,
            "exchangeTimezoneName": "America/New_York",
            "exchangeTimezoneShortName": "EDT",
            "gmtOffSetMilliseconds": -14400000,
            "esgPopulated": false,
            "tradeable": false,
            "firstTradeDateMilliseconds": 970234200000,
            "regularMarketChange": 0.89000000000000001332267629550187848508358001708984375,
            "regularMarketTime": 1598486482,
            "regularMarketPrice": 24.1099999999999994315658113919198513031005859375,
            "regularMarketPreviousClose": 23.220000999999999891088009462691843509674072265625,
            "exchange": "NAS",
            "market": "us_market",
            "messageBoardId": "finmb_8285621",
            "fullExchangeName": "Nasdaq",
            "shortName": "T. Rowe Price Global Technology",
            "longName": "T. Rowe Price Global Technology Fund",
            "averageDailyVolume3Month": 0,
            "averageDailyVolume10Day": 0,
            "fiftyTwoWeekLowChange": 10.980000499999999163946995395235717296600341796875,
            "fiftyTwoWeekLowChangePercent": 0.83625287000000003700961315189488232135772705078125,
            "fiftyTwoWeekRange": "13.13 - 24.11",
            "fiftyTwoWeekHighChange": 0,
            "fiftyTwoWeekHighChangePercent": 0,
            "fiftyTwoWeekLow": 13.1300000000000007815970093361102044582366943359375,
            "fiftyTwoWeekHigh": 24.1099999999999994315658113919198513031005859375,
            "ytdReturn": 25.32000000000000028421709430404007434844970703125,
            "trailingThreeMonthReturns": 37.3299999999999982946974341757595539093017578125,
            "marketState": "PRE",
            "fiftyDayAverage": 22.213612000000001245325620402581989765167236328125,
            "fiftyDayAverageChange": 1.89638900000000010237499736831523478031158447265625,
            "fiftyDayAverageChangePercent": 0.085370584999999998832009850957547314465045928955078125,
            "twoHundredDayAverage": 18.667698000000001457010512240231037139892578125,
            "twoHundredDayAverageChange": 5.44230269999999993757455740706063807010650634765625,
            "twoHundredDayAverageChangePercent": 0.29153582000000000107320374809205532073974609375,
            "regularMarketChangePercent": 3.8329024000000000427235136157833039760589599609375,
            "symbol": "PRGTX"
        },
        {
            "language": "en-US",
            "region": "US",
            "quoteType": "MUTUALFUND",
            "quoteSourceName": "Delayed Quote",
            "triggerable": false,
            "currency": "USD",
            "priceHint": 2,
            "sourceInterval": 15,
            "exchangeDataDelayedBy": 0,
            "exchangeTimezoneName": "America/New_York",
            "exchangeTimezoneShortName": "EDT",
            "gmtOffSetMilliseconds": -14400000,
            "esgPopulated": false,
            "tradeable": false,
            "firstTradeDateMilliseconds": 567786600000,
            "regularMarketChange": 3.970000000000000195399252334027551114559173583984375,
            "regularMarketTime": 1598486474,
            "regularMarketPrice": 108.599999999999994315658113919198513031005859375,
            "regularMarketPreviousClose": 104.6299999999999954525264911353588104248046875,
            "exchange": "NAS",
            "market": "us_market",
            "messageBoardId": "finmb_28117193",
            "fullExchangeName": "Nasdaq",
            "shortName": "Harbor Capital Appreciation Fun",
            "longName": "Harbor Capital Appreciation Fund Institutional Class",
            "averageDailyVolume3Month": 0,
            "averageDailyVolume10Day": 0,
            "fiftyTwoWeekLowChange": 49.62999700000000302679836750030517578125,
            "fiftyTwoWeekLowChangePercent": 0.8416143000000000373717057300382293760776519775390625,
            "fiftyTwoWeekRange": "58.97 - 108.6",
            "fiftyTwoWeekHighChange": 0,
            "fiftyTwoWeekHighChangePercent": 0,
            "fiftyTwoWeekLow": 58.969999999999998863131622783839702606201171875,
            "fiftyTwoWeekHigh": 108.599999999999994315658113919198513031005859375,
            "ytdReturn": 18.39999999999999857891452847979962825775146484375,
            "trailingThreeMonthReturns": 34.28999999999999914734871708787977695465087890625,
            "marketState": "PRE",
            "fiftyDayAverage": 98.270836000000002741217031143605709075927734375,
            "fiftyDayAverageChange": 10.3291629999999994282688930979929864406585693359375,
            "fiftyDayAverageChangePercent": 0.1051091299999999950642859403160400688648223876953125,
            "twoHundredDayAverage": 83.0858300000000014051693142391741275787353515625,
            "twoHundredDayAverageChange": 25.514168000000001512717062723822891712188720703125,
            "twoHundredDayAverageChangePercent": 0.307082059999999990029806440361426211893558502197265625,
            "regularMarketChangePercent": 3.794322999999999890263779889210127294063568115234375,
            "symbol": "HACAX"
        },
        {
            "language": "en-US",
            "region": "US",
            "quoteType": "MUTUALFUND",
            "quoteSourceName": "Delayed Quote",
            "triggerable": false,
            "currency": "USD",
            "priceHint": 2,
            "sourceInterval": 15,
            "exchangeDataDelayedBy": 0,
            "exchangeTimezoneName": "America/New_York",
            "exchangeTimezoneShortName": "EDT",
            "gmtOffSetMilliseconds": -14400000,
            "esgPopulated": false,
            "tradeable": false,
            "firstTradeDateMilliseconds": 1036074600000,
            "regularMarketChange": 3.87000000000000010658141036401502788066864013671875,
            "regularMarketTime": 1598486474,
            "regularMarketPrice": 105.909999999999996589394868351519107818603515625,
            "regularMarketPreviousClose": 102.0400000000000062527760746888816356658935546875,
            "exchange": "NAS",
            "market": "us_market",
            "messageBoardId": "finmb_28117193",
            "fullExchangeName": "Nasdaq",
            "shortName": "Harbor Capital Appreciation Fun",
            "longName": "Harbor Capital Appreciation Fund Administrative Class",
            "averageDailyVolume3Month": 0,
            "averageDailyVolume10Day": 0,
            "fiftyTwoWeekLowChange": 48.3299999999999982946974341757595539093017578125,
            "fiftyTwoWeekLowChangePercent": 0.83935389999999998611457385777612216770648956298828125,
            "fiftyTwoWeekRange": "57.58 - 105.91",
            "fiftyTwoWeekHighChange": 0,
            "fiftyTwoWeekHighChangePercent": 0,
            "fiftyTwoWeekLow": 57.5799999999999982946974341757595539093017578125,
            "fiftyTwoWeekHigh": 105.909999999999996589394868351519107818603515625,
            "ytdReturn": 18.269999999999999573674358543939888477325439453125,
            "trailingThreeMonthReturns": 34.219999999999998863131622783839702606201171875,
            "marketState": "PRE",
            "fiftyDayAverage": 95.8522200000000026420821086503565311431884765625,
            "fiftyDayAverageChange": 10.0577850000000008634515324956737458705902099609375,
            "fiftyDayAverageChangePercent": 0.10493012499999999909139347664677188731729984283447265625,
            "twoHundredDayAverage": 81.0785599999999959663909976370632648468017578125,
            "twoHundredDayAverageChange": 24.831444000000001182115738629363477230072021484375,
            "twoHundredDayAverageChangePercent": 0.3062639799999999912216708253254182636737823486328125,
            "regularMarketChangePercent": 3.792630200000000062487970353686250746250152587890625,
            "symbol": "HRCAX"
        },
        {
            "language": "en-US",
            "region": "US",
            "quoteType": "MUTUALFUND",
            "quoteSourceName": "Delayed Quote",
            "triggerable": false,
            "currency": "USD",
            "priceHint": 2,
            "sourceInterval": 15,
            "exchangeDataDelayedBy": 0,
            "exchangeTimezoneName": "America/New_York",
            "exchangeTimezoneShortName": "EDT",
            "gmtOffSetMilliseconds": -14400000,
            "esgPopulated": false,
            "tradeable": false,
            "firstTradeDateMilliseconds": 491491800000,
            "regularMarketChange": 0.939999999999999946709294817992486059665679931640625,
            "regularMarketTime": 1598486472,
            "regularMarketPrice": 25.96000000000000085265128291212022304534912109375,
            "regularMarketPreviousClose": 25.0199989999999985457179718650877475738525390625,
            "exchange": "NAS",
            "market": "us_market",
            "messageBoardId": "finmb_28181033",
            "fullExchangeName": "Nasdaq",
            "shortName": "Software and IT Services Portfo",
            "longName": "Fidelity Select Software & IT Services Portfolio",
            "averageDailyVolume3Month": 0,
            "averageDailyVolume10Day": 0,
            "fiftyTwoWeekLowChange": 10.159998999999999114152160473167896270751953125,
            "fiftyTwoWeekLowChangePercent": 0.64303790000000005111502332511008717119693756103515625,
            "fiftyTwoWeekRange": "15.8 - 25.96",
            "fiftyTwoWeekHighChange": 0,
            "fiftyTwoWeekHighChangePercent": 0,
            "fiftyTwoWeekLow": 15.800000000000000710542735760100185871124267578125,
            "fiftyTwoWeekHigh": 25.96000000000000085265128291212022304534912109375,
            "ytdReturn": 18.530000000000001136868377216160297393798828125,
            "trailingThreeMonthReturns": 32.0499999999999971578290569595992565155029296875,
            "marketState": "PRE",
            "fiftyDayAverage": 23.85777900000000073532646638341248035430908203125,
            "fiftyDayAverageChange": 2.102220500000000047435833039344288408756256103515625,
            "fiftyDayAverageChangePercent": 0.08811468000000000078131279224180616438388824462890625,
            "twoHundredDayAverage": 21.1530929999999983692759997211396694183349609375,
            "twoHundredDayAverageChange": 4.8069056999999997259465089882723987102508544921875,
            "twoHundredDayAverageChangePercent": 0.2272436300000000020116175392104196362197399139404296875,
            "regularMarketChangePercent": 3.75699469999999990932337823323905467987060546875,
            "symbol": "FSCSX"
        },
        {
            "language": "en-US",
            "region": "US",
            "quoteType": "MUTUALFUND",
            "quoteSourceName": "Delayed Quote",
            "triggerable": false,
            "currency": "USD",
            "priceHint": 2,
            "sourceInterval": 15,
            "exchangeDataDelayedBy": 0,
            "exchangeTimezoneName": "America/New_York",
            "exchangeTimezoneShortName": "EDT",
            "gmtOffSetMilliseconds": -14400000,
            "esgPopulated": false,
            "tradeable": false,
            "firstTradeDateMilliseconds": 920039400000,
            "regularMarketChange": 1.12000000000000010658141036401502788066864013671875,
            "regularMarketTime": 1598486485,
            "regularMarketPrice": 31.8299999999999982946974341757595539093017578125,
            "regularMarketPreviousClose": 30.71000000000000085265128291212022304534912109375,
            "exchange": "NAS",
            "market": "us_market",
            "messageBoardId": "finmb_28115812",
            "fullExchangeName": "Nasdaq",
            "shortName": "TCW Select Equitites Fd Cl N",
            "longName": "TCW Select Equities Fund Class N",
            "averageDailyVolume3Month": 0,
            "averageDailyVolume10Day": 0,
            "fiftyTwoWeekLowChange": 13.269999999999999573674358543939888477325439453125,
            "fiftyTwoWeekLowChangePercent": 0.71497849999999996128963175578974187374114990234375,
            "fiftyTwoWeekRange": "18.56 - 31.83",
            "fiftyTwoWeekHighChange": 0,
            "fiftyTwoWeekHighChangePercent": 0,
            "fiftyTwoWeekLow": 18.559999999999998721023075631819665431976318359375,
            "fiftyTwoWeekHigh": 31.8299999999999982946974341757595539093017578125,
            "ytdReturn": 15.53999999999999914734871708787977695465087890625,
            "trailingThreeMonthReturns": 30.780000000000001136868377216160297393798828125,
            "marketState": "PRE",
            "fiftyDayAverage": 29.4944440000000014379111235029995441436767578125,
            "fiftyDayAverageChange": 2.335555999999999965410779623198322951793670654296875,
            "fiftyDayAverageChangePercent": 0.07918630499999999849958243203218444250524044036865234375,
            "twoHundredDayAverage": 25.76798600000000050158632802776992321014404296875,
            "twoHundredDayAverageChange": 6.062013600000000224099494516849517822265625,
            "twoHundredDayAverageChangePercent": 0.2352536799999999928001415128164808265864849090576171875,
            "regularMarketChangePercent": 3.647020599999999834750497029745019972324371337890625,
            "symbol": "TGCNX"
        },
        {
            "language": "en-US",
            "region": "US",
            "quoteType": "MUTUALFUND",
            "quoteSourceName": "Delayed Quote",
            "triggerable": false,
            "currency": "USD",
            "priceHint": 2,
            "sourceInterval": 15,
            "exchangeDataDelayedBy": 0,
            "exchangeTimezoneName": "America/New_York",
            "exchangeTimezoneShortName": "EDT",
            "gmtOffSetMilliseconds": -14400000,
            "esgPopulated": false,
            "tradeable": false,
            "firstTradeDateMilliseconds": 1284643800000,
            "regularMarketChange": 1.479999999999999982236431605997495353221893310546875,
            "regularMarketTime": 1598486444,
            "regularMarketPrice": 44.17999999999999971578290569595992565155029296875,
            "regularMarketPreviousClose": 42.7000000000000028421709430404007434844970703125,
            "exchange": "NAS",
            "market": "us_market",
            "messageBoardId": "finmb_108899565",
            "fullExchangeName": "Nasdaq",
            "shortName": "Polen Growth Fund Institutional",
            "longName": "Polen Growth Fund Institutional Class",
            "averageDailyVolume3Month": 0,
            "averageDailyVolume10Day": 0,
            "fiftyTwoWeekLowChange": 17.559999999999998721023075631819665431976318359375,
            "fiftyTwoWeekLowChangePercent": 0.65965439999999997411350705078803002834320068359375,
            "fiftyTwoWeekRange": "26.62 - 44.18",
            "fiftyTwoWeekHighChange": 0,
            "fiftyTwoWeekHighChangePercent": 0,
            "fiftyTwoWeekLow": 26.620000000000000994759830064140260219573974609375,
            "fiftyTwoWeekHigh": 44.17999999999999971578290569595992565155029296875,
            "ytdReturn": 10.28999999999999914734871708787977695465087890625,
            "trailingThreeMonthReturns": 27.03999999999999914734871708787977695465087890625,
            "marketState": "PRE",
            "fiftyDayAverage": 40.59722000000000008412825991399586200714111328125,
            "fiftyDayAverageChange": 3.582778999999999935965888653299771249294281005859375,
            "fiftyDayAverageChangePercent": 0.0882518300000000033289637713096453808248043060302734375,
            "twoHundredDayAverage": 36.1786349999999998772182152606546878814697265625,
            "twoHundredDayAverageChange": 8.001366000000000866521077114157378673553466796875,
            "twoHundredDayAverageChangePercent": 0.2211627399999999965540808943842421285808086395263671875,
            "regularMarketChangePercent": 3.4660419999999998452722138608805835247039794921875,
            "symbol": "POLIX"
        },
        {
            "language": "en-US",
            "region": "US",
            "quoteType": "MUTUALFUND",
            "quoteSourceName": "Delayed Quote",
            "triggerable": false,
            "currency": "USD",
            "priceHint": 2,
            "sourceInterval": 15,
            "exchangeDataDelayedBy": 0,
            "exchangeTimezoneName": "America/New_York",
            "exchangeTimezoneShortName": "EDT",
            "gmtOffSetMilliseconds": -14400000,
            "esgPopulated": false,
            "tradeable": false,
            "firstTradeDateMilliseconds": 1293719400000,
            "regularMarketChange": 1.439999999999999946709294817992486059665679931640625,
            "regularMarketTime": 1598486444,
            "regularMarketPrice": 43.1700000000000017053025658242404460906982421875,
            "regularMarketPreviousClose": 41.72999999999999687361196265555918216705322265625,
            "exchange": "NAS",
            "market": "us_market",
            "messageBoardId": "finmb_108899565",
            "fullExchangeName": "Nasdaq",
            "shortName": "Polen Growth Fund - Investor Cl",
            "longName": "Polen Growth Fund Investor Class",
            "averageDailyVolume3Month": 0,
            "averageDailyVolume10Day": 0,
            "fiftyTwoWeekLowChange": 17.129996999999999474084688699804246425628662109375,
            "fiftyTwoWeekLowChangePercent": 0.6578340000000000298285840472090058028697967529296875,
            "fiftyTwoWeekRange": "26.04 - 43.17",
            "fiftyTwoWeekHighChange": 0,
            "fiftyTwoWeekHighChangePercent": 0,
            "fiftyTwoWeekLow": 26.03999999999999914734871708787977695465087890625,
            "fiftyTwoWeekHigh": 43.1700000000000017053025658242404460906982421875,
            "ytdReturn": 10.160000000000000142108547152020037174224853515625,
            "trailingThreeMonthReturns": 26.969999999999998863131622783839702606201171875,
            "marketState": "PRE",
            "fiftyDayAverage": 39.68083200000000232421371038071811199188232421875,
            "fiftyDayAverageChange": 3.48916629999999994282688930979929864406585693359375,
            "fiftyDayAverageChangePercent": 0.08793077600000000215718642948559136129915714263916015625,
            "twoHundredDayAverage": 35.37827300000000008139977580867707729339599609375,
            "twoHundredDayAverageChange": 7.7917249999999995679900166578590869903564453125,
            "twoHundredDayAverageChangePercent": 0.2202404000000000028336444302112795412540435791015625,
            "regularMarketChangePercent": 3.45075500000000001676880856393836438655853271484375,
            "symbol": "POLRX"
        },
        {
            "language": "en-US",
            "region": "US",
            "quoteType": "MUTUALFUND",
            "quoteSourceName": "Delayed Quote",
            "triggerable": false,
            "currency": "USD",
            "priceHint": 2,
            "sourceInterval": 15,
            "exchangeDataDelayedBy": 0,
            "exchangeTimezoneName": "America/New_York",
            "exchangeTimezoneShortName": "EDT",
            "gmtOffSetMilliseconds": -14400000,
            "esgPopulated": false,
            "tradeable": false,
            "firstTradeDateMilliseconds": 1210858200000,
            "regularMarketChange": 0.57999999999999996003197111349436454474925994873046875,
            "regularMarketTime": 1598486470,
            "regularMarketPrice": 17.550000000000000710542735760100185871124267578125,
            "regularMarketPreviousClose": 16.969999999999998863131622783839702606201171875,
            "exchange": "NAS",
            "market": "us_market",
            "messageBoardId": "finmb_28191791",
            "fullExchangeName": "Nasdaq",
            "shortName": "Fidelity Contra Fund Class K",
            "longName": "Fidelity Contrafund Fund Class K",
            "averageDailyVolume3Month": 0,
            "averageDailyVolume10Day": 0,
            "fiftyTwoWeekLowChange": 7.029999000000000108911990537308156490325927734375,
            "fiftyTwoWeekLowChangePercent": 0.66825080000000003366267264937050640583038330078125,
            "fiftyTwoWeekRange": "10.52 - 17.55",
            "fiftyTwoWeekHighChange": 0,
            "fiftyTwoWeekHighChangePercent": 0,
            "fiftyTwoWeekLow": 10.519999999999999573674358543939888477325439453125,
            "fiftyTwoWeekHigh": 17.550000000000000710542735760100185871124267578125,
            "ytdReturn": 9.6199999999999992184029906638897955417633056640625,
            "trailingThreeMonthReturns": 26.910000000000000142108547152020037174224853515625,
            "marketState": "PRE",
            "fiftyDayAverage": 16.105000000000000426325641456060111522674560546875,
            "fiftyDayAverageChange": 1.4449997000000001090569412554032169282436370849609375,
            "fiftyDayAverageChangePercent": 0.0897236700000000053645266007151803933084011077880859375,
            "twoHundredDayAverage": 14.16388500000000050249582272954285144805908203125,
            "twoHundredDayAverageChange": 3.386114099999999904611058809678070247173309326171875,
            "twoHundredDayAverageChangePercent": 0.239066759999999989272367884041159413754940032958984375,
            "regularMarketChangePercent": 3.417796099999999892560254011186771094799041748046875,
            "symbol": "FCNKX"
        },
        {
            "language": "en-US",
            "region": "US",
            "quoteType": "MUTUALFUND",
            "quoteSourceName": "Delayed Quote",
            "triggerable": false,
            "currency": "USD",
            "priceHint": 2,
            "sourceInterval": 15,
            "exchangeDataDelayedBy": 0,
            "exchangeTimezoneName": "America/New_York",
            "exchangeTimezoneShortName": "EDT",
            "gmtOffSetMilliseconds": -14400000,
            "esgPopulated": false,
            "tradeable": false,
            "firstTradeDateMilliseconds": 1106577000000,
            "regularMarketChange": 1.04000000000000003552713678800500929355621337890625,
            "regularMarketTime": 1598486467,
            "regularMarketPrice": 33.06000000000000227373675443232059478759765625,
            "regularMarketPreviousClose": 32.02000000000000312638803734444081783294677734375,
            "exchange": "NAS",
            "market": "us_market",
            "messageBoardId": "finmb_35295727",
            "fullExchangeName": "Nasdaq",
            "shortName": "Touchstone Sands Capital Insti ",
            "longName": "Touchstone Sands Capital Institutional Growth Fund",
            "averageDailyVolume3Month": 0,
            "averageDailyVolume10Day": 0,
            "fiftyTwoWeekLowChange": 15.0500009999999999621422830387018620967864990234375,
            "fiftyTwoWeekLowChangePercent": 0.835646899999999970276576277683489024639129638671875,
            "fiftyTwoWeekRange": "18.01 - 33.06",
            "fiftyTwoWeekHighChange": 0,
            "fiftyTwoWeekHighChangePercent": 0,
            "fiftyTwoWeekLow": 18.010000000000001563194018672220408916473388671875,
            "fiftyTwoWeekHigh": 33.06000000000000227373675443232059478759765625,
            "ytdReturn": 24.760000000000001563194018672220408916473388671875,
            "trailingThreeMonthReturns": 37.780000000000001136868377216160297393798828125,
            "marketState": "PRE",
            "fiftyDayAverage": 30.300000000000000710542735760100185871124267578125,
            "fiftyDayAverageChange": 2.760002099999999902735225987271405756473541259765625,
            "fiftyDayAverageChangePercent": 0.09108918000000000569915670212139957584440708160400390625,
            "twoHundredDayAverage": 25.352087000000000927002474782057106494903564453125,
            "twoHundredDayAverageChange": 7.70791439999999994370227796025574207305908203125,
            "twoHundredDayAverageChangePercent": 0.30403469999999999107131998243858106434345245361328125,
            "regularMarketChangePercent": 3.24796990000000018739001461653970181941986083984375,
            "symbol": "CISGX"
        },
        {
            "language": "en-US",
            "region": "US",
            "quoteType": "MUTUALFUND",
            "quoteSourceName": "Delayed Quote",
            "triggerable": false,
            "currency": "USD",
            "priceHint": 2,
            "sourceInterval": 15,
            "exchangeDataDelayedBy": 0,
            "exchangeTimezoneName": "America/New_York",
            "exchangeTimezoneShortName": "EDT",
            "gmtOffSetMilliseconds": -14400000,
            "esgPopulated": false,
            "tradeable": false,
            "firstTradeDateMilliseconds": 959779800000,
            "regularMarketChange": 0.56999999999999995115018691649311222136020660400390625,
            "regularMarketTime": 1598486484,
            "regularMarketPrice": 18.300000000000000710542735760100185871124267578125,
            "regularMarketPreviousClose": 17.730000000000000426325641456060111522674560546875,
            "exchange": "NAS",
            "market": "us_market",
            "messageBoardId": "finmb_28214036",
            "fullExchangeName": "Nasdaq",
            "shortName": "PGIM Jennison Focused Growth Fu",
            "longName": "PGIM Jennison Focused Growth Fund-Class C",
            "averageDailyVolume3Month": 0,
            "averageDailyVolume10Day": 0,
            "fiftyTwoWeekLowChange": 8.8299990000000008194547262974083423614501953125,
            "fiftyTwoWeekLowChangePercent": 0.93241804999999999825632812644471414387226104736328125,
            "fiftyTwoWeekRange": "9.47 - 18.3",
            "fiftyTwoWeekHighChange": 0,
            "fiftyTwoWeekHighChangePercent": 0,
            "fiftyTwoWeekLow": 9.4700000000000006394884621840901672840118408203125,
            "fiftyTwoWeekHigh": 18.300000000000000710542735760100185871124267578125,
            "ytdReturn": 20.989999999999998436805981327779591083526611328125,
            "trailingThreeMonthReturns": 39.42999999999999971578290569595992565155029296875,
            "marketState": "PRE",
            "fiftyDayAverage": 16.60166699999999906367520452477037906646728515625,
            "fiftyDayAverageChange": 1.6983318000000000580484993406571447849273681640625,
            "fiftyDayAverageChangePercent": 0.10229887000000000008004263918337528593838214874267578125,
            "twoHundredDayAverage": 13.805538999999999560941432719118893146514892578125,
            "twoHundredDayAverageChange": 4.494460000000000121644916362129151821136474609375,
            "twoHundredDayAverageChangePercent": 0.325554850000000006726708079440868459641933441162109375,
            "regularMarketChangePercent": 3.214890000000000025437429940211586654186248779296875,
            "symbol": "SPFCX"
        },
        {
            "language": "en-US",
            "region": "US",
            "quoteType": "MUTUALFUND",
            "quoteSourceName": "Delayed Quote",
            "triggerable": false,
            "currency": "USD",
            "priceHint": 2,
            "marketCap": 9114758144,
            "sourceInterval": 15,
            "exchangeDataDelayedBy": 0,
            "exchangeTimezoneName": "America/New_York",
            "exchangeTimezoneShortName": "EDT",
            "gmtOffSetMilliseconds": -14400000,
            "esgPopulated": false,
            "tradeable": false,
            "firstTradeDateMilliseconds": 1458826200000,
            "regularMarketChange": 5.54000000000000003552713678800500929355621337890625,
            "regularMarketTime": 1598486456,
            "regularMarketPrice": 179.960000000000007958078640513122081756591796875,
            "regularMarketPreviousClose": 174.42000999999999066858435980975627899169921875,
            "exchange": "NAS",
            "market": "us_market",
            "messageBoardId": "finmb_8285631",
            "fullExchangeName": "Nasdaq",
            "shortName": "T. Rowe Price Communications & ",
            "longName": "T. Rowe Price Communications & Technology Fund I Class",
            "averageDailyVolume3Month": 0,
            "averageDailyVolume10Day": 0,
            "fiftyTwoWeekLowChange": 75.450005000000004429239197634160518646240234375,
            "fiftyTwoWeekLowChangePercent": 0.72194049999999998501465370281948707997798919677734375,
            "fiftyTwoWeekRange": "104.51 - 179.96",
            "fiftyTwoWeekHighChange": 0,
            "fiftyTwoWeekHighChangePercent": 0,
            "fiftyTwoWeekLow": 104.5100000000000051159076974727213382720947265625,
            "fiftyTwoWeekHigh": 179.960000000000007958078640513122081756591796875,
            "ytdReturn": 23.64999999999999857891452847979962825775146484375,
            "trailingThreeMonthReturns": 31.629999999999999005240169935859739780426025390625,
            "marketState": "PRE",
            "sharesOutstanding": 50648800,
            "fiftyDayAverage": 166.36277999999998655766830779612064361572265625,
            "fiftyDayAverageChange": 13.5972290000000004539515430224128067493438720703125,
            "fiftyDayAverageChangePercent": 0.08173239999999999672031236741531756706535816192626953125,
            "twoHundredDayAverage": 141.871659999999991441654856316745281219482421875,
            "twoHundredDayAverageChange": 38.08834999999999837427822058089077472686767578125,
            "twoHundredDayAverageChangePercent": 0.268470470000000016597141438978724181652069091796875,
            "regularMarketChangePercent": 3.17624100000000009202949513564817607402801513671875,
            "symbol": "TTMIX"
        },
        {
            "language": "en-US",
            "region": "US",
            "quoteType": "MUTUALFUND",
            "quoteSourceName": "Delayed Quote",
            "triggerable": false,
            "currency": "USD",
            "priceHint": 2,
            "marketCap": 9090953216,
            "sourceInterval": 15,
            "exchangeDataDelayedBy": 0,
            "exchangeTimezoneName": "America/New_York",
            "exchangeTimezoneShortName": "EDT",
            "gmtOffSetMilliseconds": -14400000,
            "esgPopulated": false,
            "tradeable": false,
            "firstTradeDateMilliseconds": 750519000000,
            "regularMarketChange": 5.519999999999999573674358543939888477325439453125,
            "regularMarketTime": 1598486482,
            "regularMarketPrice": 179.490000000000009094947017729282379150390625,
            "regularMarketPreviousClose": 173.969999999999998863131622783839702606201171875,
            "exchange": "NAS",
            "market": "us_market",
            "messageBoardId": "finmb_8285631",
            "fullExchangeName": "Nasdaq",
            "shortName": "T. Rowe Price Communications & ",
            "longName": "T. Rowe Price Communications & Technology Fund Investor Class",
            "averageDailyVolume3Month": 0,
            "averageDailyVolume10Day": 0,
            "fiftyTwoWeekLowChange": 75.200005000000004429239197634160518646240234375,
            "fiftyTwoWeekLowChangePercent": 0.72106630000000004887539262199425138533115386962890625,
            "fiftyTwoWeekRange": "104.29 - 179.49",
            "fiftyTwoWeekHighChange": 0,
            "fiftyTwoWeekHighChangePercent": 0,
            "fiftyTwoWeekLow": 104.2900000000000062527760746888816356658935546875,
            "fiftyTwoWeekHigh": 179.490000000000009094947017729282379150390625,
            "ytdReturn": 23.5799999999999982946974341757595539093017578125,
            "trailingThreeMonthReturns": 31.5799999999999982946974341757595539093017578125,
            "marketState": "PRE",
            "sharesOutstanding": 50648800,
            "fiftyDayAverage": 165.93972999999999728970578871667385101318359375,
            "fiftyDayAverageChange": 13.5502780000000004889670890406705439090728759765625,
            "fiftyDayAverageChangePercent": 0.08165783000000000069196204321997356601059436798095703125,
            "twoHundredDayAverage": 141.5389900000000125146470963954925537109375,
            "twoHundredDayAverageChange": 37.951019999999999754436430521309375762939453125,
            "twoHundredDayAverageChangePercent": 0.26813120000000001397211235598661005496978759765625,
            "regularMarketChangePercent": 3.172960799999999803588934810250066220760345458984375,
            "symbol": "PRMTX"
        },
        {
            "language": "en-US",
            "region": "US",
            "quoteType": "MUTUALFUND",
            "quoteSourceName": "Delayed Quote",
            "triggerable": false,
            "currency": "USD",
            "priceHint": 2,
            "sourceInterval": 15,
            "exchangeDataDelayedBy": 0,
            "exchangeTimezoneName": "America/New_York",
            "exchangeTimezoneShortName": "EDT",
            "gmtOffSetMilliseconds": -14400000,
            "esgPopulated": false,
            "tradeable": false,
            "firstTradeDateMilliseconds": 1374240600000,
            "regularMarketChange": 0.460000000000000019984014443252817727625370025634765625,
            "regularMarketTime": 1598486469,
            "regularMarketPrice": 15.0299999999999993605115378159098327159881591796875,
            "regularMarketPreviousClose": 14.57000000000000028421709430404007434844970703125,
            "exchange": "NAS",
            "market": "us_market",
            "messageBoardId": "finmb_241563617",
            "fullExchangeName": "Nasdaq",
            "shortName": "EuroPac Gold Fund Cl A",
            "longName": "EuroPac Gold Fund Class A",
            "averageDailyVolume3Month": 0,
            "averageDailyVolume10Day": 0,
            "fiftyTwoWeekLowChange": 8.209998999999999824694896233268082141876220703125,
            "fiftyTwoWeekLowChangePercent": 1.203812099999999940536099529708735644817352294921875,
            "fiftyTwoWeekRange": "6.82 - 15.87",
            "fiftyTwoWeekHighChange": -0.84000014999999994547152937229839153587818145751953125,
            "fiftyTwoWeekHighChangePercent": -0.052930070000000002672368992762130801565945148468017578125,
            "fiftyTwoWeekLow": 6.82000000000000028421709430404007434844970703125,
            "fiftyTwoWeekHigh": 15.8699999999999992184029906638897955417633056640625,
            "ytdReturn": 18.949999999999999289457264239899814128875732421875,
            "trailingThreeMonthReturns": 62.21000000000000085265128291212022304534912109375,
            "marketState": "PRE",
            "fiftyDayAverage": 14.505278000000000560021362616680562496185302734375,
            "fiftyDayAverageChange": 0.5247220999999999690999175072647631168365478515625,
            "fiftyDayAverageChangePercent": 0.036174565999999998278102708582082414068281650543212890625,
            "twoHundredDayAverage": 11.36151100000000013778844731859862804412841796875,
            "twoHundredDayAverageChange": 3.668488500000000041012526708072982728481292724609375,
            "twoHundredDayAverageChangePercent": 0.322887360000000012139054206272703595459461212158203125,
            "regularMarketChangePercent": 3.157172399999999878872358749504201114177703857421875,
            "symbol": "EPGFX"
        },
        {
            "language": "en-US",
            "region": "US",
            "quoteType": "MUTUALFUND",
            "quoteSourceName": "Delayed Quote",
            "triggerable": false,
            "currency": "USD",
            "priceHint": 2,
            "sourceInterval": 15,
            "exchangeDataDelayedBy": 0,
            "exchangeTimezoneName": "America/New_York",
            "exchangeTimezoneShortName": "EDT",
            "gmtOffSetMilliseconds": -14400000,
            "esgPopulated": false,
            "tradeable": false,
            "firstTradeDateMilliseconds": 1212413400000,
            "regularMarketChange": 1.2199999999999999733546474089962430298328399658203125,
            "regularMarketTime": 1598486435,
            "regularMarketPrice": 40.159999999999996589394868351519107818603515625,
            "regularMarketPreviousClose": 38.93999999999999772626324556767940521240234375,
            "exchange": "NAS",
            "market": "us_market",
            "messageBoardId": "finmb_52743073",
            "fullExchangeName": "Nasdaq",
            "shortName": "Morgan Stanley Insti Fd Global ",
            "longName": "Morgan Stanley Institutional Fund, Inc. Global Opportunity Portfolio Class I",
            "averageDailyVolume3Month": 0,
            "averageDailyVolume10Day": 0,
            "fiftyTwoWeekLowChange": 17.25,
            "fiftyTwoWeekLowChangePercent": 0.75294629999999995728643398251733742654323577880859375,
            "fiftyTwoWeekRange": "22.91 - 40.16",
            "fiftyTwoWeekHighChange": 0,
            "fiftyTwoWeekHighChangePercent": 0,
            "fiftyTwoWeekLow": 22.910000000000000142108547152020037174224853515625,
            "fiftyTwoWeekHigh": 40.159999999999996589394868351519107818603515625,
            "ytdReturn": 16.239999999999998436805981327779591083526611328125,
            "trailingThreeMonthReturns": 31.660000000000000142108547152020037174224853515625,
            "marketState": "PRE",
            "fiftyDayAverage": 36.69250000000000255795384873636066913604736328125,
            "fiftyDayAverageChange": 3.467498799999999992138555171550251543521881103515625,
            "fiftyDayAverageChangePercent": 0.09450155999999999834049191349549801088869571685791015625,
            "twoHundredDayAverage": 31.226113999999999037981979199685156345367431640625,
            "twoHundredDayAverageChange": 8.9338859999999993277697285520844161510467529296875,
            "twoHundredDayAverageChangePercent": 0.2861029999999999962057017910410650074481964111328125,
            "regularMarketChangePercent": 3.133025200000000065614358391030691564083099365234375,
            "symbol": "MGGIX"
        }
    ]
}
io.restassured.path.json.JsonPath@77cf3f8b
]]></system-out>
    <system-err><![CDATA[SLF4J: Failed to load class "org.slf4j.impl.StaticLoggerBinder".
SLF4J: Defaulting to no-operation (NOP) logger implementation
SLF4J: See http://www.slf4j.org/codes.html#StaticLoggerBinder for further details.
]]></system-err>
  </testcase>
  <testcase name="most_watched" classname="work.assignment.Market_most_watched" time="0.212">
    <system-out><![CDATA[Request method:	GET
Request URI:	https://yahoo-finance15.p.rapidapi.com/api/yahoo/tr/trending
Proxy:			<none>
Request params:	<none>
Query params:	<none>
Form params:	<none>
Path params:	<none>
Headers:		X-RapidAPI-Host=yahoo-finance15.p.rapidapi.com
				X-RapidAPI-Key= 4d8dcb3a9fmsh7ecca9be9e75e6dp130491jsnf44539c76ee5
				useQueryString=true
				Accept=*/*
Cookies:		<none>
Multiparts:		<none>
Body:			<none>
HTTP/1.1 200 OK
Alt-Svc: quic=":443"; ma=2592000; v="43,46", h3-Q043=":443"; ma=2592000, h3-Q046=":443"; ma=2592000, h3-Q050=":443"; ma=2592000, h3-25=":443"; ma=2592000, h3-27=":443"; ma=2592000
Content-Encoding: gzip
Content-Type: application/json; charset=utf-8
Date: Thu, 27 Aug 2020 09:55:31 GMT
Server: RapidAPI-1.1.24
Vary: Accept-Encoding
X-Powered-By: PHP/7.2.33
X-RapidAPI-Region: AWS - ap-southeast-1
X-RapidAPI-Version: 1.1.24
X-RateLimit-Request-Limit: 500
X-RateLimit-Request-Remaining: 411
Content-Length: 743
Connection: keep-alive

[
    {
        "count": 143,
        "quotes": [
            "ABT",
            "NFLX",
            "MRNA",
            "RR.L",
            "ROKU",
            "XPEV",
            "CLVS",
            "VBIV",
            "LI",
            "SPWR",
            "SPLK",
            "DKNG",
            "BILI",
            "PLAN",
            "BOX",
            "INDUSINDBK.NS",
            "COCP",
            "DG",
            "NTAP",
            "NQ=F",
            "UONE",
            "6060.HK",
            "^VIX",
            "GTX",
            "CETX",
            "DIS",
            "MAXNV",
            "PER",
            "ESTC",
            "PED",
            "INO",
            "WPP.L",
            "DLTR",
            "COTY",
            "ADBE",
            "FRETAIL.NS",
            "XSPA",
            "GNUS",
            "BYFC",
            "NAK",
            "WDAY",
            "1810.HK",
            "AYTU",
            "VMW",
            "JMIA",
            "OKTA",
            "CTRM",
            "BBCA.JK",
            "FRO",
            "WORK",
            "UVXY",
            "UAVS",
            "BIG",
            "AYX",
            "AAL",
            "BMW.DE",
            "JETS",
            "COUP",
            "URBN",
            "CVAC",
            "UONEK",
            "MVIS",
            "TEF.MC",
            "^GSPC",
            "0941.HK",
            "VXX",
            "NCLH",
            "TNXP",
            "0005.HK",
            "BOO.L",
            "ET",
            "DKS",
            "XERS",
            "AUDUSD=X",
            "WSM",
            "SQQQ",
            "SPCE",
            "UBER",
            "EVFM",
            "HD",
            "AMZN",
            "BANDHANBNK.NS",
            "DAI.DE",
            "ORCL",
            "EA",
            "SI=F",
            "LOW",
            "AMC",
            "ABBV",
            "CHFS",
            "SAVE",
            "C6L.SI",
            "3690.HK",
            "KHC",
            "SPOT",
            "HSBA.L",
            "ARKK",
            "DPHC",
            "3988.HK",
            "GERN",
            "UAL",
            "DANSKE.CO",
            "ULTA",
            "BAVA.CO",
            "TWLO",
            "BB",
            "DHER.DE",
            "WBA",
            "^IXIC",
            "FNGU",
            "VEEV",
            "VOW3.DE",
            "LUV",
            "LCA",
            "EPD",
            "OPTI",
            "SNE",
            "DOCU",
            "CODX",
            "WFC",
            "CCH",
            "OPK",
            "ABUS",
            "QDEL",
            "FCX",
            "MRVL",
            "OTLK",
            "XLE",
            "C38U.SI",
            "RXT",
            "RDS-B",
            "AYRO",
            "PCG",
            "ITC.NS",
            "DELL",
            "NAT",
            "D05.SI",
            "GLD",
            "TAAS-USD",
            "^TNX",
            "AGQ",
            "NOW",
            "^NSEI"
        ],
        "jobTimestamp": 1598520039573,
        "startInterval": 202008270800
    }
]
io.restassured.path.json.JsonPath@750fe12e
]]></system-out>
  </testcase>
  <testcase name="top_gainers" classname="work.assignment.Market_top_gainers" time="5.194">
    <system-out><![CDATA[Request method:	GET
Request URI:	https://yahoo-finance15.p.rapidapi.com/api/yahoo/ga/topgainers?start=0
Proxy:			<none>
Request params:	<none>
Query params:	start=0
Form params:	<none>
Path params:	<none>
Headers:		X-RapidAPI-Host=yahoo-finance15.p.rapidapi.com
				X-RapidAPI-Key= 4d8dcb3a9fmsh7ecca9be9e75e6dp130491jsnf44539c76ee5
				useQueryString=true
				Accept=*/*
Cookies:		<none>
Multiparts:		<none>
Body:			<none>
HTTP/1.1 200 OK
Alt-Svc: quic=":443"; ma=2592000; v="43,46", h3-Q043=":443"; ma=2592000, h3-Q046=":443"; ma=2592000, h3-Q050=":443"; ma=2592000, h3-25=":443"; ma=2592000, h3-27=":443"; ma=2592000
Content-Encoding: gzip
Content-Type: application/json; charset=utf-8
Date: Thu, 27 Aug 2020 09:55:33 GMT
Server: RapidAPI-1.1.24
Vary: Accept-Encoding
X-Powered-By: PHP/7.2.33
X-RapidAPI-Region: AWS - ap-southeast-1
X-RapidAPI-Version: 1.1.24
X-RateLimit-Request-Limit: 500
X-RateLimit-Request-Remaining: 410
Content-Length: 22161
Connection: keep-alive

{
    "start": 0,
    "count": 25,
    "total": 148,
    "quotes": [
        {
            "language": "en-US",
            "region": "US",
            "quoteType": "EQUITY",
            "quoteSourceName": "Nasdaq Real Time Price",
            "triggerable": true,
            "currency": "USD",
            "priceHint": 2,
            "marketCap": 9295069184,
            "sourceInterval": 15,
            "exchangeDataDelayedBy": 0,
            "exchangeTimezoneName": "America/New_York",
            "exchangeTimezoneShortName": "EDT",
            "gmtOffSetMilliseconds": -14400000,
            "esgPopulated": false,
            "tradeable": true,
            "firstTradeDateMilliseconds": 1596634200000,
            "preMarketChange": -5.199996999999999758301783003844320774078369140625,
            "preMarketChangePercent": -3.741004999999999913740111878723837435245513916015625,
            "preMarketTime": 1598521655,
            "preMarketPrice": 133.80000000000001136868377216160297393798828125,
            "regularMarketChange": 34.9100040000000007012204150669276714324951171875,
            "regularMarketTime": 1598472001,
            "regularMarketPrice": 139,
            "regularMarketDayHigh": 151.990000000000009094947017729282379150390625,
            "regularMarketDayRange": "104.23 - 151.99",
            "regularMarketDayLow": 104.2300000000000039790393202565610408782958984375,
            "regularMarketVolume": 20284791,
            "regularMarketPreviousClose": 104.090000000000003410605131648480892181396484375,
            "bid": 135,
            "ask": 141.990000000000009094947017729282379150390625,
            "bidSize": 18,
            "askSize": 13,
            "exchange": "NMS",
            "market": "us_market",
            "messageBoardId": "finmb_676858391",
            "fullExchangeName": "NasdaqGS",
            "shortName": "BigCommerce Holdings, Inc. - Se",
            "longName": "BigCommerce Holdings, Inc.",
            "financialCurrency": "USD",
            "regularMarketOpen": 106.8799999999999954525264911353588104248046875,
            "averageDailyVolume3Month": 4831112,
            "averageDailyVolume10Day": 5840850,
            "fiftyTwoWeekLowChange": 75.2279999999999944293449516408145427703857421875,
            "fiftyTwoWeekLowChangePercent": 1.1796398999999999634979985785321332514286041259765625,
            "fiftyTwoWeekRange": "63.772 - 151.99",
            "fiftyTwoWeekHighChange": -12.9900055000000005378524292609654366970062255859375,
            "fiftyTwoWeekHighChangePercent": -0.085466180000000002703330892472877167165279388427734375,
            "fiftyTwoWeekLow": 63.77199999999999846522769075818359851837158203125,
            "fiftyTwoWeekHigh": 151.990000000000009094947017729282379150390625,
            "earningsTimestamp": 1599649140,
            "earningsTimestampStart": 1599649140,
            "earningsTimestampEnd": 1599649140,
            "marketState": "PRE",
            "sharesOutstanding": 61820500,
            "fiftyDayAverage": 81.009379999999993060555425472557544708251953125,
            "fiftyDayAverageChange": 57.990622999999999365172698162496089935302734375,
            "fiftyDayAverageChangePercent": 0.71585080000000000932658394958707503974437713623046875,
            "twoHundredDayAverage": 81.009379999999993060555425472557544708251953125,
            "twoHundredDayAverageChange": 57.990622999999999365172698162496089935302734375,
            "twoHundredDayAverageChangePercent": 0.71585080000000000932658394958707503974437713623046875,
            "regularMarketChangePercent": 33.5382900000000034879121812991797924041748046875,
            "symbol": "BIGC"
        },
        {
            "language": "en-US",
            "region": "US",
            "quoteType": "EQUITY",
            "quoteSourceName": "Nasdaq Real Time Price",
            "triggerable": true,
            "currency": "USD",
            "priceHint": 2,
            "marketCap": 19553722368,
            "sourceInterval": 15,
            "exchangeDataDelayedBy": 0,
            "exchangeTimezoneName": "America/New_York",
            "exchangeTimezoneShortName": "EDT",
            "gmtOffSetMilliseconds": -14400000,
            "esgPopulated": false,
            "tradeable": true,
            "firstTradeDateMilliseconds": 1596115800000,
            "preMarketChange": -1.4799994999999999123474481166340410709381103515625,
            "preMarketChangePercent": -6.330194999999999794226823723874986171722412109375,
            "preMarketTime": 1598522065,
            "preMarketPrice": 21.89999999999999857891452847979962825775146484375,
            "regularMarketChange": 5.14999960000000012172449714853428304195404052734375,
            "regularMarketTime": 1598472001,
            "regularMarketPrice": 23.379999999999999005240169935859739780426025390625,
            "regularMarketDayHigh": 24.480000000000000426325641456060111522674560546875,
            "regularMarketDayRange": "19.0 - 24.48",
            "regularMarketDayLow": 19,
            "regularMarketVolume": 31561325,
            "regularMarketPreviousClose": 18.230000000000000426325641456060111522674560546875,
[...]
            "epsCurrentYear": 9.769999999999999573674358543939888477325439453125,
            "priceEpsCurrentYear": 54.09313999999999822421159478835761547088623046875,
            "sharesOutstanding": 479664992,
            "bookValue": 22.669000000000000483169060316868126392364501953125,
            "fiftyDayAverage": 451.27222000000000434738467447459697723388671875,
            "fiftyDayAverageChange": 77.217770000000001573425834067165851593017578125,
            "fiftyDayAverageChangePercent": 0.1711112999999999939593209319355082698166370391845703125,
            "twoHundredDayAverage": 384.98574999999999590727384202182292938232421875,
            "twoHundredDayAverageChange": 143.504240000000010013536666519939899444580078125,
            "twoHundredDayAverageChangePercent": 0.372752099999999975121767192831612192094326019287109375,
            "regularMarketChangePercent": 9.0952239999999999753299562144093215465545654296875,
            "displayName": "Adobe",
            "symbol": "ADBE"
        },
        {
            "language": "en-US",
            "region": "US",
            "quoteType": "EQUITY",
            "quoteSourceName": "Nasdaq Real Time Price",
            "triggerable": false,
            "currency": "USD",
            "priceHint": 2,
            "marketCap": 12263128064,
            "forwardPE": 124.6571500000000014551915228366851806640625,
            "priceToBook": 13.6258590000000001651869752095080912113189697265625,
            "sourceInterval": 15,
            "exchangeDataDelayedBy": 0,
            "exchangeTimezoneName": "America/New_York",
            "exchangeTimezoneShortName": "EDT",
            "gmtOffSetMilliseconds": -14400000,
            "esgPopulated": false,
            "tradeable": true,
            "firstTradeDateMilliseconds": 1564666200000,
            "regularMarketChange": 3.510002099999999902735225987271405756473541259765625,
            "regularMarketTime": 1598472001,
            "regularMarketPrice": 43.63000000000000255795384873636066913604736328125,
            "regularMarketDayHigh": 44.129199999999997316990629769861698150634765625,
            "regularMarketDayRange": "40.89 - 44.1292",
            "regularMarketDayLow": 40.8900000000000005684341886080801486968994140625,
            "regularMarketVolume": 3519922,
            "regularMarketPreviousClose": 40.11999999999999744204615126363933086395263671875,
            "bid": 0,
            "ask": 44.469999999999998863131622783839702606201171875,
            "bidSize": 8,
            "askSize": 10,
            "exchange": "NYQ",
            "market": "us_market",
            "messageBoardId": "finmb_628406634",
            "fullExchangeName": "NYSE",
            "shortName": "Dynatrace, Inc.",
            "longName": "Dynatrace, Inc.",
            "financialCurrency": "USD",
            "regularMarketOpen": 40.93999999999999772626324556767940521240234375,
            "averageDailyVolume3Month": 3491152,
            "averageDailyVolume10Day": 2411837,
            "fiftyTwoWeekLowChange": 26.58000200000000035061020753346383571624755859375,
            "fiftyTwoWeekLowChangePercent": 1.55894449999999995526422935654409229755401611328125,
            "fiftyTwoWeekRange": "17.05 - 44.645",
            "fiftyTwoWeekHighChange": -1.0149993999999999960692775857751257717609405517578125,
            "fiftyTwoWeekHighChangePercent": -0.0227348950000000014914913748498292989097535610198974609375,
            "fiftyTwoWeekLow": 17.050000000000000710542735760100185871124267578125,
            "fiftyTwoWeekHigh": 44.64500000000000312638803734444081783294677734375,
            "earningsTimestamp": 1596025800,
            "earningsTimestampStart": 1596025800,
            "earningsTimestampEnd": 1596025800,
            "marketState": "PRE",
            "epsTrailingTwelveMonths": -1.7640000000000000124344978758017532527446746826171875,
            "epsForward": 0.34999999999999997779553950749686919152736663818359375,
            "epsCurrentYear": 0.479999999999999982236431605997495353221893310546875,
            "priceEpsCurrentYear": 90.895836000000002741217031143605709075927734375,
            "sharesOutstanding": 281071008,
            "bookValue": 3.2019999999999999573674358543939888477325439453125,
            "fiftyDayAverage": 40.72472400000000192221705219708383083343505859375,
            "fiftyDayAverageChange": 2.9052772999999998404518919414840638637542724609375,
            "fiftyDayAverageChangePercent": 0.071339399999999997259436668173293583095073699951171875,
            "twoHundredDayAverage": 34.13438800000000128420651890337467193603515625,
            "twoHundredDayAverageChange": 9.4956130000000005253468771115876734256744384765625,
            "twoHundredDayAverageChangePercent": 0.278183200000000019347368152011767961084842681884765625,
            "regularMarketChangePercent": 8.74875899999999973033482092432677745819091796875,
            "displayName": "Dynatrace",
            "symbol": "DT"
        },
        {
            "language": "en-US",
            "region": "US",
            "quoteType": "EQUITY",
            "quoteSourceName": "Delayed Quote",
            "triggerable": false,
            "currency": "USD",
            "priceHint": 2,
            "marketCap": 9635239936,
            "forwardPE": -143.012660000000010995790944434702396392822265625,
            "priceToBook": 22.632211999999999108013071236200630664825439453125,
            "sourceInterval": 15,
            "exchangeDataDelayedBy": 0,
            "exchangeTimezoneName": "America/New_York",
            "exchangeTimezoneShortName": "EDT",
            "gmtOffSetMilliseconds": -14400000,
            "esgPopulated": false,
            "tradeable": true,
            "firstTradeDateMilliseconds": 1538746200000,
            "regularMarketChange": 8.650002000000000634827301837503910064697265625,
            "regularMarketTime": 1598472307,
            "regularMarketPrice": 112.9800000000000039790393202565610408782958984375,
            "regularMarketDayHigh": 113.5199999999999960209606797434389591217041015625,
            "regularMarketDayRange": "106.49 - 113.52",
            "regularMarketDayLow": 106.4899999999999948840923025272786617279052734375,
            "regularMarketVolume": 2132011,
            "regularMarketPreviousClose": 104.3299999999999982946974341757595539093017578125,
            "bid": 0,
            "ask": 0,
            "bidSize": 9,
            "askSize": 10,
            "exchange": "NYQ",
            "market": "us_market",
            "messageBoardId": "finmb_224101504",
            "fullExchangeName": "NYSE",
            "shortName": "Elastic N.V.",
            "longName": "Elastic N.V.",
            "financialCurrency": "USD",
            "regularMarketOpen": 107.840000000000003410605131648480892181396484375,
            "averageDailyVolume3Month": 1367501,
            "averageDailyVolume10Day": 1452525,
            "fiftyTwoWeekLowChange": 73.969999999999998863131622783839702606201171875,
            "fiftyTwoWeekLowChangePercent": 1.89618060000000010489884516573511064052581787109375,
            "fiftyTwoWeekRange": "39.01 - 113.52",
            "fiftyTwoWeekHighChange": -0.53999330000000000939763822316308505833148956298828125,
            "fiftyTwoWeekHighChangePercent": -0.004756812000000000019428458841730389394797384738922119140625,
            "fiftyTwoWeekLow": 39.00999999999999801048033987171947956085205078125,
            "fiftyTwoWeekHigh": 113.5199999999999960209606797434389591217041015625,
            "earningsTimestamp": 1598461200,
            "earningsTimestampStart": 1598461200,
            "earningsTimestampEnd": 1598461200,
            "marketState": "PRE",
            "epsTrailingTwelveMonths": -2.1219999999999998863131622783839702606201171875,
            "epsForward": -0.79000000000000003552713678800500929355621337890625,
            "epsCurrentYear": -0.91000000000000003108624468950438313186168670654296875,
            "priceEpsCurrentYear": -124.153850000000005593392415903508663177490234375,
            "sharesOutstanding": 82857000,
            "bookValue": 4.99199999999999999289457264239899814128875732421875,
            "fiftyDayAverage": 93.7997199999999935471350909210741519927978515625,
            "fiftyDayAverageChange": 19.180282999999999304918674170039594173431396484375,
            "fiftyDayAverageChangePercent": 0.204481230000000013813377108817803673446178436279296875,
            "twoHundredDayAverage": 76.15172599999999647479853592813014984130859375,
            "twoHundredDayAverageChange": 36.8282779999999974052116158418357372283935546875,
            "twoHundredDayAverageChangePercent": 0.483617100000000021964297047816216945648193359375,
            "regularMarketChangePercent": 8.2910009999999996210817698738537728786468505859375,
            "displayName": "Elastic",
            "symbol": "ESTC"
        },
        {
            "language": "en-US",
            "region": "US",
            "quoteType": "EQUITY",
            "quoteSourceName": "Nasdaq Real Time Price",
            "triggerable": true,
            "currency": "USD",
            "priceHint": 2,
            "marketCap": 865784889344,
            "forwardPE": 29.9418739999999985457179718650877475738525390625,
            "priceToBook": 7.84223200000000009168843462248332798480987548828125,
            "sourceInterval": 15,
            "exchangeDataDelayedBy": 0,
            "exchangeTimezoneName": "America/New_York",
            "exchangeTimezoneShortName": "EDT",
            "gmtOffSetMilliseconds": -14400000,
            "esgPopulated": false,
            "tradeable": true,
            "firstTradeDateMilliseconds": 1337347800000,
            "preMarketChange": -1.029998799999999992138555171550251543521881103515625,
            "preMarketChangePercent": -0.33891574000000002087062966893427073955535888671875,
            "preMarketTime": 1598521466,
            "preMarketPrice": 302.8799999999999954525264911353588104248046875,
            "regularMarketChange": 23.0899959999999992987795849330723285675048828125,
            "regularMarketTime": 1598472001,
            "regularMarketPrice": 303.91000000000002501110429875552654266357421875,
            "regularMarketDayHigh": 304.67000000000001591615728102624416351318359375,
            "regularMarketDayRange": "284.0 - 304.67",
            "regularMarketDayLow": 284,
            "regularMarketVolume": 66235070,
            "regularMarketPreviousClose": 280.81999999999999317878973670303821563720703125,
            "bid": 301.20999999999997953636921010911464691162109375,
            "ask": 302.75,
            "bidSize": 8,
            "askSize": 9,
            "exchange": "NMS",
            "market": "us_market",
            "messageBoardId": "finmb_20765463",
            "fullExchangeName": "NasdaqGS",
            "shortName": "Facebook, Inc.",
            "longName": "Facebook, Inc.",
            "financialCurrency": "USD",
            "regularMarketOpen": 284,
            "averageDailyVolume3Month": 25575518,
            "averageDailyVolume10Day": 28235812,
            "fiftyTwoWeekLowChange": 166.81000000000000227373675443232059478759765625,
            "fiftyTwoWeekLowChangePercent": 1.2167030000000000899973429113742895424365997314453125,
            "fiftyTwoWeekRange": "137.1 - 304.67",
            "fiftyTwoWeekHighChange": -0.76000977000000002892221573347342200577259063720703125,
            "fiftyTwoWeekHighChangePercent": -0.0024945342000000001424220297252531963749788701534271240234375,
            "fiftyTwoWeekLow": 137.099999999999994315658113919198513031005859375,
            "fiftyTwoWeekHigh": 304.67000000000001591615728102624416351318359375,
            "earningsTimestamp": 1596125105,
            "earningsTimestampStart": 1603882740,
            "earningsTimestampEnd": 1604318400,
            "trailingPE": 37.1618959999999987076080287806689739227294921875,
            "marketState": "PRE",
            "epsTrailingTwelveMonths": 8.178000000000000824229573481716215610504150390625,
            "epsForward": 10.1500000000000003552713678800500929355621337890625,
            "epsCurrentYear": 8,
            "priceEpsCurrentYear": 37.98875000000000312638803734444081783294677734375,
            "sharesOutstanding": 2404280064,
            "bookValue": 38.7530000000000001136868377216160297393798828125,
            "fiftyDayAverage": 252.082500000000010231815394945442676544189453125,
            "fiftyDayAverageChange": 51.8275000000000005684341886080801486968994140625,
            "fiftyDayAverageChangePercent": 0.205597370000000001510898073320277035236358642578125,
            "twoHundredDayAverage": 213.826549999999997453414835035800933837890625,
            "twoHundredDayAverageChange": 90.083449999999999135980033315718173980712890625,
            "twoHundredDayAverageChangePercent": 0.42129216000000002662062570379930548369884490966796875,
            "regularMarketChangePercent": 8.2223469999999991841832525096833705902099609375,
            "displayName": "Facebook",
            "symbol": "FB"
        },
        {
            "language": "en-US",
            "region": "US",
            "quoteType": "EQUITY",
            "quoteSourceName": "Delayed Quote",
            "triggerable": false,
            "currency": "USD",
            "priceHint": 2,
            "marketCap": 2197058304,
            "priceToBook": 6.22609000000000012420287021086551249027252197265625,
            "sourceInterval": 15,
            "exchangeDataDelayedBy": 0,
            "exchangeTimezoneName": "America/New_York",
            "exchangeTimezoneShortName": "EDT",
            "gmtOffSetMilliseconds": -14400000,
            "esgPopulated": false,
            "tradeable": true,
            "firstTradeDateMilliseconds": 1404221400000,
            "regularMarketChange": 0.64990044000000002366590479141450487077236175537109375,
            "regularMarketTime": 1598471961,
            "regularMarketPrice": 9.139900000000000801492205937393009662628173828125,
            "regularMarketDayHigh": 9.160000000000000142108547152020037174224853515625,
            "regularMarketDayRange": "8.79 - 9.16",
            "regularMarketDayLow": 8.78999999999999914734871708787977695465087890625,
            "regularMarketVolume": 414855,
            "regularMarketPreviousClose": 8.4900000000000002131628207280300557613372802734375,
            "bid": 0,
            "ask": 0,
            "bidSize": 0,
            "askSize": 0,
            "exchange": "PNK",
            "market": "us_market",
            "messageBoardId": "finmb_94862",
            "fullExchangeName": "Other OTC",
            "shortName": "WILLIAM HILL",
            "longName": "William Hill plc",
            "financialCurrency": "GBP",
            "regularMarketOpen": 8.78999999999999914734871708787977695465087890625,
            "averageDailyVolume3Month": 223221,
            "averageDailyVolume10Day": 841212,
            "fiftyTwoWeekLowChange": 7.7599000000000000198951966012828052043914794921875,
            "fiftyTwoWeekLowChangePercent": 5.623115999999999559122443315573036670684814453125,
            "fiftyTwoWeekRange": "1.38 - 10.76",
            "fiftyTwoWeekHighChange": -1.6201000000000000955679979597334749996662139892578125,
            "fiftyTwoWeekHighChangePercent": -0.150566919999999992985095786934834904968738555908203125,
            "fiftyTwoWeekLow": 1.37999999999999989341858963598497211933135986328125,
            "fiftyTwoWeekHigh": 10.7599999999999997868371792719699442386627197265625,
            "dividendDate": 1592438400,
            "trailingAnnualDividendRate": 0.174999999999999988897769753748434595763683319091796875,
            "trailingAnnualDividendYield": 0.02061248599999999930876271037050173617899417877197265625,
            "marketState": "PRE",
            "epsTrailingTwelveMonths": -5.94399999999999995026200849679298698902130126953125,
            "sharesOutstanding": 262335008,
            "bookValue": 1.467999999999999971578290569595992565155029296875,
            "fiftyDayAverage": 6.63438899999999964762764648185111582279205322265625,
            "fiftyDayAverageChange": 2.5055113000000002188016878790222108364105224609375,
            "fiftyDayAverageChangePercent": 0.37765517999999997922344618928036652505397796630859375,
            "twoHundredDayAverage": 6.17912239999999979289668772253207862377166748046875,
            "twoHundredDayAverageChange": 2.96077779999999979310132403043098747730255126953125,
            "twoHundredDayAverageChangePercent": 0.479158279999999991982662095324485562741756439208984375,
            "regularMarketChangePercent": 7.65489339999999973684907672577537596225738525390625,
            "symbol": "WIMHY"
        },
        {
            "language": "en-US",
            "region": "US",
            "quoteType": "EQUITY",
            "quoteSourceName": "Delayed Quote",
            "triggerable": false,
            "currency": "USD",
            "priceHint": 2,
            "marketCap": 11216389120,
            "sourceInterval": 15,
            "exchangeDataDelayedBy": 0,
            "exchangeTimezoneName": "America/New_York",
            "exchangeTimezoneShortName": "EDT",
            "gmtOffSetMilliseconds": -14400000,
            "esgPopulated": false,
            "tradeable": true,
            "firstTradeDateMilliseconds": 1574173800000,
            "regularMarketChange": 2.0850010000000001042508301907218992710113525390625,
            "regularMarketTime": 1598471833,
            "regularMarketPrice": 29.4849999999999994315658113919198513031005859375,
            "regularMarketDayHigh": 29.4849999999999994315658113919198513031005859375,
            "regularMarketDayRange": "27.55 - 29.485",
            "regularMarketDayLow": 27.550000000000000710542735760100185871124267578125,
            "regularMarketVolume": 15021,
            "regularMarketPreviousClose": 27.39999999999999857891452847979962825775146484375,
            "exchange": "PNK",
            "market": "us_market",
            "messageBoardId": "finmb_32503885",
            "fullExchangeName": "Other OTC",
            "shortName": "CD PROJEKT SA UNSPON ADS EACH R",
            "longName": "CD Projekt S.A.",
            "financialCurrency": "PLN",
            "regularMarketOpen": 27.699999999999999289457264239899814128875732421875,
            "averageDailyVolume3Month": 6690,
            "averageDailyVolume10Day": 5207,
            "fiftyTwoWeekLowChange": 17.16499999999999914734871708787977695465087890625,
            "fiftyTwoWeekLowChangePercent": 1.393263099999999976574827087461017072200775146484375,
            "fiftyTwoWeekRange": "12.32 - 30.0",
            "fiftyTwoWeekHighChange": -0.5149993999999999960692775857751257717609405517578125,
            "fiftyTwoWeekHighChangePercent": -0.017166646000000000682472744983897428028285503387451171875,
            "fiftyTwoWeekLow": 12.32000000000000028421709430404007434844970703125,
            "fiftyTwoWeekHigh": 30,
            "marketState": "PRE",
            "sharesOutstanding": 382412992,
            "fiftyDayAverage": 26.699999999999999289457264239899814128875732421875,
            "fiftyDayAverageChange": 2.784999800000000025335111786262132227420806884765625,
            "fiftyDayAverageChangePercent": 0.10430710999999999455400967462992412038147449493408203125,
            "twoHundredDayAverage": 22.838650000000001227817847393453121185302734375,
            "twoHundredDayAverageChange": 6.64635100000000011988277037744410336017608642578125,
            "twoHundredDayAverageChangePercent": 0.291013299999999974776443423252203501760959625244140625,
            "regularMarketChangePercent": 7.60949230000000031992613003239966928958892822265625,
            "displayName": "CD Projekt",
            "symbol": "OTGLY"
        }
    ]
}
io.restassured.path.json.JsonPath@320e400
]]></system-out>
  </testcase>
</testsuite>