<?xml version="1.0" encoding="UTF-8"?>
<testng-results skipped="0" failed="0" ignored="0" total="3" passed="3">
  <reporter-output>
  </reporter-output>
  <suite name="Suite" duration-ms="12702" started-at="2020-08-27T15:25:20 IST" finished-at="2020-08-27T15:25:33 IST">
    <groups>
    </groups>
    <test name="Test" duration-ms="8320" started-at="2020-08-27T15:25:20 IST" finished-at="2020-08-27T15:25:29 IST">
      <class name="work.assignment.Market_mutual_funds">
        <test-method status="PASS" signature="mutual_funds()[pri:0, instance:work.assignment.Market_mutual_funds@67205a84]" name="mutual_funds" duration-ms="8245" started-at="2020-08-27T15:25:20 IST" finished-at="2020-08-27T15:25:29 IST">
          <reporter-output>
          </reporter-output>
        </test-method> <!-- mutual_funds -->
      </class> <!-- work.assignment.Market_mutual_funds -->
    </test> <!-- Test -->
    <test name="snd" duration-ms="1890" started-at="2020-08-27T15:25:29 IST" finished-at="2020-08-27T15:25:31 IST">
      <class name="work.assignment.Market_most_watched">
        <test-method status="PASS" signature="most_watched()[pri:0, instance:work.assignment.Market_most_watched@15d0c81b]" name="most_watched" duration-ms="1889" started-at="2020-08-27T15:25:29 IST" finished-at="2020-08-27T15:25:31 IST">
          <reporter-output>
          </reporter-output>
        </test-method> <!-- most_watched -->
      </class> <!-- work.assignment.Market_most_watched -->
    </test> <!-- snd -->
    <test name="thrd" duration-ms="2419" started-at="2020-08-27T15:25:31 IST" finished-at="2020-08-27T15:25:33 IST">
      <class name="work.assignment.Market_top_gainers">
        <test-method status="PASS" signature="top_gainers()[pri:0, instance:work.assignment.Market_top_gainers@33f88ab]" name="top_gainers" duration-ms="2417" started-at="2020-08-27T15:25:31 IST" finished-at="2020-08-27T15:25:33 IST">
          <reporter-output>
          </reporter-output>
        </test-method> <!-- top_gainers -->
      </class> <!-- work.assignment.Market_top_gainers -->
    </test> <!-- thrd -->
  </suite> <!-- Suite -->
</testng-results>
